[INFO ] 2019-11-06 08:01:12.671 [main] LoginDataSetTest - Browser insixie
[INFO ] 2019-11-06 08:02:00.162 [main] LoginDataSetTest - Browser insixie
[INFO ] 2019-11-06 08:02:51.077 [main] LoginDataSetTest - Browser insixie
[INFO ] 2019-11-06 08:04:39.364 [main] OrderPhoneInstockTest - browser start working
[INFO ] 2019-11-06 08:05:30.443 [main] LoginDataSetTest - Browser insixie
[INFO ] 2019-11-06 08:05:46.178 [main] LoginDataSetTest - Browser lunched
[ERROR] 2019-11-06 08:05:46.181 [main] LoginDataSetTest - Error here
[INFO ] 2019-11-06 08:05:46.181 [main] LoginDataSetTest - test started
[INFO ] 2019-11-06 08:18:00.195 [main] LoginDataSetTest - Browser insixie
[INFO ] 2019-11-06 08:19:02.399 [main] LoginDataSetTest - Browser insixie
[INFO ] 2019-11-06 08:19:30.097 [main] LoginDataSetTest - Browser insixie
[INFO ] 2019-11-06 08:19:57.221 [main] LoginDataSetTest - Browser lunched
[ERROR] 2019-11-06 08:19:57.270 [main] LoginDataSetTest - Error here
[INFO ] 2019-11-06 08:19:57.271 [main] LoginDataSetTest - test started
[INFO ] 2019-11-06 09:30:29.058 [main] LoginDataSetTest - Browser insixie
[INFO ] 2019-11-06 09:30:41.613 [main] LoginDataSetTest - Browser lunched
[ERROR] 2019-11-06 09:30:41.652 [main] LoginDataSetTest - Error here
[INFO ] 2019-11-06 09:30:41.652 [main] LoginDataSetTest - test started
[INFO ] 2019-11-06 09:42:17.404 [main] LoginDataSetTest - Browser insixie
[INFO ] 2019-11-06 09:42:54.807 [main] LoginDataSetTest - Browser lunched
[ERROR] 2019-11-06 09:42:54.845 [main] LoginDataSetTest - Error here
[INFO ] 2019-11-06 09:42:54.846 [main] LoginDataSetTest - test started
[INFO ] 2019-11-06 09:43:08.951 [main] LoginDataSetTest - Browser insixie
[INFO ] 2019-11-06 09:43:22.094 [main] LoginDataSetTest - Browser lunched
[ERROR] 2019-11-06 09:43:22.146 [main] LoginDataSetTest - Error here
[INFO ] 2019-11-06 09:43:22.146 [main] LoginDataSetTest - test started
