[INFO ] 2019-11-04 20:12:15.396 [main] OrderPhoneInstockTest - browser start working
[INFO ] 2019-11-04 20:13:02.473 [main] LoginDataSetTest - Browser insixie
[INFO ] 2019-11-04 20:13:13.725 [main] LoginDataSetTest - Browser lunched
[ERROR] 2019-11-04 20:13:13.731 [main] LoginDataSetTest - Error here
[INFO ] 2019-11-04 20:13:13.731 [main] LoginDataSetTest - test started
[INFO ] 2019-11-04 20:14:29.400 [main] LoginDataSetTest - Browser insixie
[INFO ] 2019-11-04 20:14:39.679 [main] LoginDataSetTest - Browser lunched
[ERROR] 2019-11-04 20:14:39.738 [main] LoginDataSetTest - Error here
[INFO ] 2019-11-04 20:14:39.738 [main] LoginDataSetTest - test started
[INFO ] 2019-11-04 20:51:08.969 [main] OrderPhoneInstockTest - browser start working
[INFO ] 2019-11-04 20:51:47.609 [main] LoginDataSetTest - Browser insixie
[INFO ] 2019-11-04 20:51:57.895 [main] LoginDataSetTest - Browser lunched
[ERROR] 2019-11-04 20:51:57.901 [main] LoginDataSetTest - Error here
[INFO ] 2019-11-04 20:51:57.901 [main] LoginDataSetTest - test started
[INFO ] 2019-11-04 20:54:13.589 [main] OrderPhoneInstockTest - browser start working
[INFO ] 2019-11-04 20:54:59.156 [main] LoginDataSetTest - Browser insixie
[INFO ] 2019-11-04 20:55:09.368 [main] LoginDataSetTest - Browser lunched
[ERROR] 2019-11-04 20:55:09.371 [main] LoginDataSetTest - Error here
[INFO ] 2019-11-04 20:55:09.372 [main] LoginDataSetTest - test started
[INFO ] 2019-11-04 20:57:00.486 [main] OrderPhoneInstockTest - browser start working
[INFO ] 2019-11-04 20:57:39.428 [main] LoginDataSetTest - Browser insixie
[INFO ] 2019-11-04 20:57:48.940 [main] LoginDataSetTest - Browser lunched
[ERROR] 2019-11-04 20:57:48.943 [main] LoginDataSetTest - Error here
[INFO ] 2019-11-04 20:57:48.943 [main] LoginDataSetTest - test started
