[INFO ] 2019-11-05 08:38:29.471 [main] OrderPhoneInstockTest - browser start working
[INFO ] 2019-11-05 08:39:09.921 [main] LoginDataSetTest - Browser insixie
[INFO ] 2019-11-05 08:39:19.737 [main] LoginDataSetTest - Browser lunched
[ERROR] 2019-11-05 08:39:19.740 [main] LoginDataSetTest - Error here
[INFO ] 2019-11-05 08:39:19.740 [main] LoginDataSetTest - test started
[INFO ] 2019-11-05 10:59:28.466 [main] OrderPhoneInstockTest - browser start working
[INFO ] 2019-11-05 11:00:23.325 [main] LoginDataSetTest - Browser insixie
[INFO ] 2019-11-05 11:00:33.410 [main] LoginDataSetTest - Browser lunched
[ERROR] 2019-11-05 11:00:33.415 [main] LoginDataSetTest - Error here
[INFO ] 2019-11-05 11:00:33.416 [main] LoginDataSetTest - test started
[INFO ] 2019-11-05 11:10:15.125 [main] OrderPhoneInstockTest - browser start working
[INFO ] 2019-11-05 11:10:53.650 [main] LoginDataSetTest - Browser insixie
[INFO ] 2019-11-05 11:11:02.842 [main] LoginDataSetTest - Browser lunched
[ERROR] 2019-11-05 11:11:02.847 [main] LoginDataSetTest - Error here
[INFO ] 2019-11-05 11:11:02.847 [main] LoginDataSetTest - test started
[INFO ] 2019-11-05 11:12:44.087 [main] OrderPhoneInstockTest - browser start working
[INFO ] 2019-11-05 11:13:24.811 [main] LoginDataSetTest - Browser insixie
[INFO ] 2019-11-05 11:13:36.549 [main] LoginDataSetTest - Browser lunched
[ERROR] 2019-11-05 11:13:36.552 [main] LoginDataSetTest - Error here
[INFO ] 2019-11-05 11:13:36.553 [main] LoginDataSetTest - test started
[INFO ] 2019-11-05 12:18:47.350 [main] OrderPhoneInstockTest - browser start working
[INFO ] 2019-11-05 12:19:35.454 [main] LoginDataSetTest - Browser insixie
[INFO ] 2019-11-05 12:19:46.859 [main] LoginDataSetTest - Browser lunched
[ERROR] 2019-11-05 12:19:46.861 [main] LoginDataSetTest - Error here
[INFO ] 2019-11-05 12:19:46.862 [main] LoginDataSetTest - test started
[INFO ] 2019-11-05 12:22:15.042 [main] OrderPhoneInstockTest - browser start working
[INFO ] 2019-11-05 12:23:00.750 [main] LoginDataSetTest - Browser insixie
[INFO ] 2019-11-05 12:23:13.617 [main] LoginDataSetTest - Browser lunched
[ERROR] 2019-11-05 12:23:13.619 [main] LoginDataSetTest - Error here
[INFO ] 2019-11-05 12:23:13.620 [main] LoginDataSetTest - test started
[INFO ] 2019-11-05 12:24:36.031 [main] OrderPhoneInstockTest - browser start working
[INFO ] 2019-11-05 12:25:43.802 [main] OrderPhoneInstockTest - browser start working
[INFO ] 2019-11-05 12:26:26.157 [main] LoginDataSetTest - Browser insixie
[INFO ] 2019-11-05 12:26:37.149 [main] LoginDataSetTest - Browser lunched
[ERROR] 2019-11-05 12:26:37.151 [main] LoginDataSetTest - Error here
[INFO ] 2019-11-05 12:26:37.151 [main] LoginDataSetTest - test started
[INFO ] 2019-11-05 12:28:12.416 [main] OrderPhoneInstockTest - browser start working
[INFO ] 2019-11-05 12:28:55.166 [main] LoginDataSetTest - Browser insixie
[INFO ] 2019-11-05 12:29:06.340 [main] LoginDataSetTest - Browser lunched
[ERROR] 2019-11-05 12:29:06.342 [main] LoginDataSetTest - Error here
[INFO ] 2019-11-05 12:29:06.342 [main] LoginDataSetTest - test started
